  TestTask.cpp
c:\users\administrator\desktop\微信socket服务端\socket服务端\testtask.cpp(832): warning C4477: “sprintf”: 格式字符串“%d”需要类型“int”的参数，但可变参数 1 拥有了类型“::size_t”
  c:\users\administrator\desktop\微信socket服务端\socket服务端\testtask.cpp(832): note: 请考虑在格式字符串中使用“%zd”
  Task.cpp
  stdafx.cpp
  socket服务端.cpp
c:\users\administrator\desktop\微信socket服务端\socket服务端\socket服务端.cpp(95): warning C4477: “printf”: 格式字符串“%d”需要类型“int”的参数，但可变参数 1 拥有了类型“SOCKET”
  c:\users\administrator\desktop\微信socket服务端\socket服务端\socket服务端.cpp(95): note: 请考虑在格式字符串中使用“%lld”
  c:\users\administrator\desktop\微信socket服务端\socket服务端\socket服务端.cpp(95): note: 请考虑在格式字符串中使用“%Id”
  c:\users\administrator\desktop\微信socket服务端\socket服务端\socket服务端.cpp(95): note: 请考虑在格式字符串中使用“%I64d”
c:\users\administrator\desktop\微信socket服务端\socket服务端\socket服务端.cpp(101): warning C4477: “printf”: 格式字符串“%d”需要类型“int”的参数，但可变参数 1 拥有了类型“SOCKET”
  c:\users\administrator\desktop\微信socket服务端\socket服务端\socket服务端.cpp(101): note: 请考虑在格式字符串中使用“%lld”
  c:\users\administrator\desktop\微信socket服务端\socket服务端\socket服务端.cpp(101): note: 请考虑在格式字符串中使用“%Id”
  c:\users\administrator\desktop\微信socket服务端\socket服务端\socket服务端.cpp(101): note: 请考虑在格式字符串中使用“%I64d”
c:\users\administrator\desktop\微信socket服务端\socket服务端\socket服务端.cpp(111): warning C4477: “printf”: 格式字符串“%d”需要类型“int”的参数，但可变参数 2 拥有了类型“unsigned __int64”
  c:\users\administrator\desktop\微信socket服务端\socket服务端\socket服务端.cpp(111): note: 请考虑在格式字符串中使用“%zd”
c:\users\administrator\desktop\微信socket服务端\socket服务端\socket服务端.cpp(160): warning C4477: “printf”: 格式字符串“%d”需要类型“int”的参数，但可变参数 1 拥有了类型“SOCKET”
  c:\users\administrator\desktop\微信socket服务端\socket服务端\socket服务端.cpp(160): note: 请考虑在格式字符串中使用“%lld”
  c:\users\administrator\desktop\微信socket服务端\socket服务端\socket服务端.cpp(160): note: 请考虑在格式字符串中使用“%Id”
  c:\users\administrator\desktop\微信socket服务端\socket服务端\socket服务端.cpp(160): note: 请考虑在格式字符串中使用“%I64d”
c:\users\administrator\desktop\微信socket服务端\socket服务端\socket服务端.cpp(165): warning C4477: “printf”: 格式字符串“%d”需要类型“int”的参数，但可变参数 1 拥有了类型“SOCKET”
  c:\users\administrator\desktop\微信socket服务端\socket服务端\socket服务端.cpp(165): note: 请考虑在格式字符串中使用“%lld”
  c:\users\administrator\desktop\微信socket服务端\socket服务端\socket服务端.cpp(165): note: 请考虑在格式字符串中使用“%Id”
  c:\users\administrator\desktop\微信socket服务端\socket服务端\socket服务端.cpp(165): note: 请考虑在格式字符串中使用“%I64d”
c:\users\administrator\desktop\微信socket服务端\socket服务端\socket服务端.cpp(175): warning C4477: “printf”: 格式字符串“%d”需要类型“int”的参数，但可变参数 2 拥有了类型“unsigned __int64”
  c:\users\administrator\desktop\微信socket服务端\socket服务端\socket服务端.cpp(175): note: 请考虑在格式字符串中使用“%zd”
  SocketTCP.cpp
  SocketAPP.cpp
  SaveQueue.cpp
  RecAPP.cpp
  MyThreadPool.cpp
  MyThread.cpp
  MyStack.cpp
  MyQueue.cpp
  MyMutex.cpp
  MyList.cpp
  mSQLSave.cpp
  md5.cpp
  json_writer.cpp
  json_value.cpp
  json_reader.cpp
  CSmtp.cpp
  正在生成代码...
  正在编译...
  base64.cpp
  正在生成代码...
LINK : warning LNK4010: 子系统版本号 5.01 无效；假定为默认子系统版本
  socket服务端.vcxproj -> C:\Users\Administrator\Desktop\微信socket服务端\x64\Release\socket服务端.exe
